# JRE version: 7.0_09-b05
# Java VM: Java HotSpot(TM) 64-Bit Server VM (23.5-b02 mixed mode windows-amd64 compressed oops)
Heap
 PSYoungGen      total 34944K, used 27103K [0x00000000eb000000, 0x00000000ed4c0000, 0x0000000100000000)
  eden space 32256K, 77% used [0x00000000eb000000,0x00000000ec84ffb8,0x00000000ecf80000)
  from space 2688K, 82% used [0x00000000ed220000,0x00000000ed448020,0x00000000ed4c0000)
  to   space 2688K, 0% used [0x00000000ecf80000,0x00000000ecf80000,0x00000000ed220000)
 ParOldGen       total 40768K, used 16374K [0x00000000c1000000, 0x00000000c37d0000, 0x00000000eb000000)
  object space 40768K, 40% used [0x00000000c1000000,0x00000000c1ffdb58,0x00000000c37d0000)
 PSPermGen       total 21248K, used 7867K [0x00000000bbe00000, 0x00000000bd2c0000, 0x00000000c1000000)
  object space 21248K, 37% used [0x00000000bbe00000,0x00000000bc5aeff0,0x00000000bd2c0000)
GC Heap History (10 events):
Event: 27.994 GC heap before
{Heap before GC invocations=18 (full 1):
 PSYoungGen      total 34944K, used 34464K [0x00000000eb000000, 0x00000000ed4c0000, 0x0000000100000000)
  eden space 32256K, 100% used [0x00000000eb000000,0x00000000ecf80000,0x00000000ecf80000)
  from space 2688K, 82% used [0x00000000ed220000,0x00000000ed448020,0x00000000ed4c0000)
  to   space 2688K, 0% used [0x00000000ecf80000,0x00000000ecf80000,0x00000000ed220000)
 ParOldGen       total 40768K, used 21934K [0x00000000c1000000, 0x00000000c37d0000, 0x00000000eb000000)
  object space 40768K, 53% used [0x00000000c1000000,0x00000000c256b968,0x00000000c37d0000)
 PSPermGen       total 21248K, used 7858K [0x00000000bbe00000, 0x00000000bd2c0000, 0x00000000c1000000)
  object space 21248K, 36% used [0x00000000bbe00000,0x00000000bc5acb20,0x00000000bd2c0000)
Event: 27.994 GC heap after
Heap after GC invocations=18 (full 1):
 PSYoungGen      total 34944K, used 1120K [0x00000000eb000000, 0x00000000ed4c0000, 0x0000000100000000)
  eden space 32256K, 0% used [0x00000000eb000000,0x00000000eb000000,0x00000000ecf80000)
  from space 2688K, 41% used [0x00000000ecf80000,0x00000000ed098040,0x00000000ed220000)
  to   space 2688K, 0% used [0x00000000ed220000,0x00000000ed220000,0x00000000ed4c0000)
 ParOldGen       total 40768K, used 21934K [0x00000000c1000000, 0x00000000c37d0000, 0x00000000eb000000)
  object space 40768K, 53% used [0x00000000c1000000,0x00000000c256b968,0x00000000c37d0000)
 PSPermGen       total 21248K, used 7858K [0x00000000bbe00000, 0x00000000bd2c0000, 0x00000000c1000000)
  object space 21248K, 36% used [0x00000000bbe00000,0x00000000bc5acb20,0x00000000bd2c0000)
}
Event: 28.127 GC heap before
{Heap before GC invocations=19 (full 1):
 PSYoungGen      total 34944K, used 33376K [0x00000000eb000000, 0x00000000ed4c0000, 0x0000000100000000)
  eden space 32256K, 100% used [0x00000000eb000000,0x00000000ecf80000,0x00000000ecf80000)
  from space 2688K, 41% used [0x00000000ecf80000,0x00000000ed098040,0x00000000ed220000)
  to   space 2688K, 0% used [0x00000000ed220000,0x00000000ed220000,0x00000000ed4c0000)
 ParOldGen       total 40768K, used 21934K [0x00000000c1000000, 0x00000000c37d0000, 0x00000000eb000000)
  object space 40768K, 53% used [0x00000000c1000000,0x00000000c256b968,0x00000000c37d0000)
 PSPermGen       total 21248K, used 7858K [0x00000000bbe00000, 0x00000000bd2c0000, 0x00000000c1000000)
  object space 21248K, 36% used [0x00000000bbe00000,0x00000000bc5acb20,0x00000000bd2c0000)
Event: 28.127 GC heap after
Heap after GC invocations=19 (full 1):
 PSYoungGen      total 34944K, used 1120K [0x00000000eb000000, 0x00000000ed4c0000, 0x0000000100000000)
  eden space 32256K, 0% used [0x00000000eb000000,0x00000000eb000000,0x00000000ecf80000)
  from space 2688K, 41% used [0x00000000ed220000,0x00000000ed338040,0x00000000ed4c0000)
  to   space 2688K, 0% used [0x00000000ecf80000,0x00000000ecf80000,0x00000000ed220000)
 ParOldGen       total 40768K, used 21934K [0x00000000c1000000, 0x00000000c37d0000, 0x00000000eb000000)
  object space 40768K, 53% used [0x00000000c1000000,0x00000000c256b968,0x00000000c37d0000)
 PSPermGen       total 21248K, used 7858K [0x00000000bbe00000, 0x00000000bd2c0000, 0x00000000c1000000)
  object space 21248K, 36% used [0x00000000bbe00000,0x00000000bc5acb20,0x00000000bd2c0000)
}
Event: 28.252 GC heap before
{Heap before GC invocations=20 (full 1):
 PSYoungGen      total 34944K, used 33376K [0x00000000eb000000, 0x00000000ed4c0000, 0x0000000100000000)
  eden space 32256K, 100% used [0x00000000eb000000,0x00000000ecf80000,0x00000000ecf80000)
  from space 2688K, 41% used [0x00000000ed220000,0x00000000ed338040,0x00000000ed4c0000)
  to   space 2688K, 0% used [0x00000000ecf80000,0x00000000ecf80000,0x00000000ed220000)
 ParOldGen       total 40768K, used 21934K [0x00000000c1000000, 0x00000000c37d0000, 0x00000000eb000000)
  object space 40768K, 53% used [0x00000000c1000000,0x00000000c256b968,0x00000000c37d0000)
 PSPermGen       total 21248K, used 7858K [0x00000000bbe00000, 0x00000000bd2c0000, 0x00000000c1000000)
  object space 21248K, 36% used [0x00000000bbe00000,0x00000000bc5acbf0,0x00000000bd2c0000)
Event: 28.255 GC heap after
Heap after GC invocations=20 (full 1):
 PSYoungGen      total 34944K, used 2208K [0x00000000eb000000, 0x00000000ed4c0000, 0x0000000100000000)
  eden space 32256K, 0% used [0x00000000eb000000,0x00000000eb000000,0x00000000ecf80000)
  from space 2688K, 82% used [0x00000000ecf80000,0x00000000ed1a8020,0x00000000ed220000)
  to   space 2688K, 0% used [0x00000000ed220000,0x00000000ed220000,0x00000000ed4c0000)
 ParOldGen       total 40768K, used 31150K [0x00000000c1000000, 0x00000000c37d0000, 0x00000000eb000000)
  object space 40768K, 76% used [0x00000000c1000000,0x00000000c2e6b9f8,0x00000000c37d0000)
 PSPermGen       total 21248K, used 7858K [0x00000000bbe00000, 0x00000000bd2c0000, 0x00000000c1000000)
  object space 21248K, 36% used [0x00000000bbe00000,0x00000000bc5acbf0,0x00000000bd2c0000)
}
Event: 28.255 GC heap before
{Heap before GC invocations=21 (full 2):
 PSYoungGen      total 34944K, used 2208K [0x00000000eb000000, 0x00000000ed4c0000, 0x0000000100000000)
  eden space 32256K, 0% used [0x00000000eb000000,0x00000000eb000000,0x00000000ecf80000)
  from space 2688K, 82% used [0x00000000ecf80000,0x00000000ed1a8020,0x00000000ed220000)
  to   space 2688K, 0% used [0x00000000ed220000,0x00000000ed220000,0x00000000ed4c0000)
 ParOldGen       total 40768K, used 31150K [0x00000000c1000000, 0x00000000c37d0000, 0x00000000eb000000)
  object space 40768K, 76% used [0x00000000c1000000,0x00000000c2e6b9f8,0x00000000c37d0000)
 PSPermGen       total 21248K, used 7858K [0x00000000bbe00000, 0x00000000bd2c0000, 0x00000000c1000000)
  object space 21248K, 36% used [0x00000000bbe00000,0x00000000bc5acbf0,0x00000000bd2c0000)
Event: 28.278 GC heap after
Heap after GC invocations=21 (full 2):
 PSYoungGen      total 34944K, used 0K [0x00000000eb000000, 0x00000000ed4c0000, 0x0000000100000000)
  eden space 32256K, 0% used [0x00000000eb000000,0x00000000eb000000,0x00000000ecf80000)
  from space 2688K, 0% used [0x00000000ecf80000,0x00000000ecf80000,0x00000000ed220000)
  to   space 2688K, 0% used [0x00000000ed220000,0x00000000ed220000,0x00000000ed4c0000)
 ParOldGen       total 40768K, used 12278K [0x00000000c1000000, 0x00000000c37d0000, 0x00000000eb000000)
  object space 40768K, 30% used [0x00000000c1000000,0x00000000c1bfdb18,0x00000000c37d0000)
 PSPermGen       total 21248K, used 7858K [0x00000000bbe00000, 0x00000000bd2c0000, 0x00000000c1000000)
  object space 21248K, 36% used [0x00000000bbe00000,0x00000000bc5acbf0,0x00000000bd2c0000)
}
Event: 28.406 GC heap before
{Heap before GC invocations=22 (full 2):
 PSYoungGen      total 34944K, used 32256K [0x00000000eb000000, 0x00000000ed4c0000, 0x0000000100000000)
  eden space 32256K, 100% used [0x00000000eb000000,0x00000000ecf80000,0x00000000ecf80000)
  from space 2688K, 0% used [0x00000000ecf80000,0x00000000ecf80000,0x00000000ed220000)
  to   space 2688K, 0% used [0x00000000ed220000,0x00000000ed220000,0x00000000ed4c0000)
 ParOldGen       total 40768K, used 12278K [0x00000000c1000000, 0x00000000c37d0000, 0x00000000eb000000)
  object space 40768K, 30% used [0x00000000c1000000,0x00000000c1bfdb18,0x00000000c37d0000)
 PSPermGen       total 21248K, used 7859K [0x00000000bbe00000, 0x00000000bd2c0000, 0x00000000c1000000)
  object space 21248K, 36% used [0x00000000bbe00000,0x00000000bc5accc0,0x00000000bd2c0000)
Event: 28.408 GC heap after
Heap after GC invocations=22 (full 2):
 PSYoungGen      total 34944K, used 2208K [0x00000000eb000000, 0x00000000ed4c0000, 0x0000000100000000)
  eden space 32256K, 0% used [0x00000000eb000000,0x00000000eb000000,0x00000000ecf80000)
  from space 2688K, 82% used [0x00000000ed220000,0x00000000ed448020,0x00000000ed4c0000)
  to   space 2688K, 0% used [0x00000000ecf80000,0x00000000ecf80000,0x00000000ed220000)
 ParOldGen       total 40768K, used 16374K [0x00000000c1000000, 0x00000000c37d0000, 0x00000000eb000000)
  object space 40768K, 40% used [0x00000000c1000000,0x00000000c1ffdb58,0x00000000c37d0000)
 PSPermGen       total 21248K, used 7859K [0x00000000bbe00000, 0x00000000bd2c0000, 0x00000000c1000000)
  object space 21248K, 36% used [0x00000000bbe00000,0x00000000bc5accc0,0x00000000bd2c0000)
}

